app/build/intermediates/manifest_merge_blame_file/debug/manifest-merger-blame-debug-report.txt
1<?xml version="1.0" encoding="utf-8"?>
2<manifest xmlns:android="http://schemas.android.com/apk/res/android"
3    package="com.sesame.voicechat"
4    android:versionCode="1"
5    android:versionName="1.0" >
6
7    <uses-sdk
8        android:minSdkVersion="29"
9        android:targetSdkVersion="35" />
10
11    <!-- Audio permissions for voice chat -->
12    <uses-permission android:name="android.permission.RECORD_AUDIO" />
12-->src\main\AndroidManifest.xml:6:5-71
12-->src\main\AndroidManifest.xml:6:22-68
13    <uses-permission android:name="android.permission.MODIFY_AUDIO_SETTINGS" />
13-->src\main\AndroidManifest.xml:7:5-80
13-->src\main\AndroidManifest.xml:7:22-77
14
15    <!-- Network permissions -->
16    <uses-permission android:name="android.permission.INTERNET" />
16-->src\main\AndroidManifest.xml:10:5-67
16-->src\main\AndroidManifest.xml:10:22-64
17    <uses-permission android:name="android.permission.ACCESS_NETWORK_STATE" />
17-->src\main\AndroidManifest.xml:11:5-79
17-->src\main\AndroidManifest.xml:11:22-76
18
19    <!-- Automotive specific features (matching your working project) -->
20    <uses-feature
20-->src\main\AndroidManifest.xml:14:5-93
21        android:name="android.hardware.type.automotive"
21-->src\main\AndroidManifest.xml:14:19-66
22        android:required="true" />
22-->src\main\AndroidManifest.xml:14:67-90
23    <uses-feature
23-->src\main\AndroidManifest.xml:15:5-96
24        android:name="android.software.car.templates_host"
24-->src\main\AndroidManifest.xml:15:19-69
25        android:required="true" />
25-->src\main\AndroidManifest.xml:15:70-93
26
27    <queries>
27-->[androidx.car.app:app-automotive:1.4.0] AndroidManifest.xml:23:5-27:15
28        <intent>
28-->[androidx.car.app:app-automotive:1.4.0] AndroidManifest.xml:24:9-26:18
29            <action android:name="android.car.template.host.RendererService" />
29-->[androidx.car.app:app-automotive:1.4.0] AndroidManifest.xml:25:13-80
29-->[androidx.car.app:app-automotive:1.4.0] AndroidManifest.xml:25:21-77
30        </intent>
31
32        <provider
32-->[androidx.car.app:app:1.4.0] AndroidManifest.xml:24:9-27:43
33            android:name="androidx.car.app.connection.provider"
33-->[androidx.car.app:app:1.4.0] AndroidManifest.xml:25:13-64
34            android:authorities="androidx.car.app.connection" />
34-->[androidx.car.app:app:1.4.0] AndroidManifest.xml:26:13-62
35    </queries>
36
37    <permission
37-->[androidx.core:core:1.12.0] AndroidManifest.xml:22:5-24:47
38        android:name="com.sesame.voicechat.DYNAMIC_RECEIVER_NOT_EXPORTED_PERMISSION"
38-->[androidx.core:core:1.12.0] AndroidManifest.xml:23:9-81
39        android:protectionLevel="signature" />
39-->[androidx.core:core:1.12.0] AndroidManifest.xml:24:9-44
40
41    <uses-permission android:name="com.sesame.voicechat.DYNAMIC_RECEIVER_NOT_EXPORTED_PERMISSION" />
41-->[androidx.core:core:1.12.0] AndroidManifest.xml:26:5-97
41-->[androidx.core:core:1.12.0] AndroidManifest.xml:26:22-94
42
43    <application
43-->src\main\AndroidManifest.xml:17:5-70:19
44        android:name="com.sesame.voicechat.SesameApplication"
44-->src\main\AndroidManifest.xml:18:9-42
45        android:allowBackup="true"
45-->src\main\AndroidManifest.xml:19:9-35
46        android:appComponentFactory="androidx.core.app.CoreComponentFactory"
46-->[androidx.core:core:1.12.0] AndroidManifest.xml:28:18-86
47        android:dataExtractionRules="@xml/data_extraction_rules"
47-->src\main\AndroidManifest.xml:20:9-65
48        android:debuggable="true"
49        android:extractNativeLibs="false"
50        android:fullBackupContent="@xml/backup_rules"
50-->src\main\AndroidManifest.xml:21:9-54
51        android:icon="@mipmap/ic_launcher"
51-->src\main\AndroidManifest.xml:22:9-43
52        android:label="@string/app_name"
52-->src\main\AndroidManifest.xml:23:9-41
53        android:networkSecurityConfig="@xml/network_security_config"
53-->src\main\AndroidManifest.xml:28:9-69
54        android:roundIcon="@mipmap/ic_launcher_round"
54-->src\main\AndroidManifest.xml:24:9-54
55        android:supportsRtl="true"
55-->src\main\AndroidManifest.xml:25:9-35
56        android:testOnly="true"
57        android:theme="@style/Theme.AppCompat.Light.NoActionBar"
57-->src\main\AndroidManifest.xml:26:9-65
58        android:usesCleartextTraffic="true" >
58-->src\main\AndroidManifest.xml:27:9-44
59
60        <!-- Contact Selection Screen (Launcher) -->
61        <activity
61-->src\main\AndroidManifest.xml:32:9-52:20
62            android:name="com.sesame.voicechat.ContactSelectionActivity"
62-->src\main\AndroidManifest.xml:33:13-53
63            android:exported="true"
63-->src\main\AndroidManifest.xml:34:13-36
64            android:label="@string/app_name"
64-->src\main\AndroidManifest.xml:35:13-45
65            android:screenOrientation="unspecified"
65-->src\main\AndroidManifest.xml:36:13-52
66            android:theme="@style/Theme.AppCompat.Light.NoActionBar" >
66-->src\main\AndroidManifest.xml:37:13-69
67            <intent-filter>
67-->src\main\AndroidManifest.xml:38:13-43:29
68                <action android:name="android.intent.action.MAIN" />
68-->src\main\AndroidManifest.xml:39:17-69
68-->src\main\AndroidManifest.xml:39:25-66
69
70                <category android:name="android.intent.category.LAUNCHER" />
70-->src\main\AndroidManifest.xml:40:17-77
70-->src\main\AndroidManifest.xml:40:27-74
71                <category android:name="android.intent.category.CAR_DOCK" />
71-->src\main\AndroidManifest.xml:41:17-77
71-->src\main\AndroidManifest.xml:41:27-74
72                <category android:name="android.intent.category.CAR_MODE" />
72-->src\main\AndroidManifest.xml:42:17-77
72-->src\main\AndroidManifest.xml:42:27-74
73            </intent-filter>
74            <intent-filter>
74-->src\main\AndroidManifest.xml:45:13-47:29
75                <action android:name="android.car.intent.action.CAR_APP" />
75-->src\main\AndroidManifest.xml:46:17-76
75-->src\main\AndroidManifest.xml:46:25-73
76            </intent-filter>
77
78            <meta-data
78-->src\main\AndroidManifest.xml:49:13-51:40
79                android:name="distractionOptimized"
79-->src\main\AndroidManifest.xml:50:17-52
80                android:value="true" />
80-->src\main\AndroidManifest.xml:51:17-37
81        </activity>
82
83        <!-- Call Screen -->
84        <activity
84-->src\main\AndroidManifest.xml:55:9-69:20
85            android:name="com.sesame.voicechat.MainActivity"
85-->src\main\AndroidManifest.xml:56:13-41
86            android:exported="false"
86-->src\main\AndroidManifest.xml:57:13-37
87            android:parentActivityName="com.sesame.voicechat.ContactSelectionActivity"
87-->src\main\AndroidManifest.xml:60:13-67
88            android:screenOrientation="unspecified"
88-->src\main\AndroidManifest.xml:58:13-52
89            android:theme="@style/Theme.AppCompat.Light.NoActionBar" >
89-->src\main\AndroidManifest.xml:59:13-69
90            <meta-data
90-->src\main\AndroidManifest.xml:62:13-64:61
91                android:name="android.support.PARENT_ACTIVITY"
91-->src\main\AndroidManifest.xml:63:17-63
92                android:value=".ContactSelectionActivity" />
92-->src\main\AndroidManifest.xml:64:17-58
93            <meta-data
93-->src\main\AndroidManifest.xml:49:13-51:40
94                android:name="distractionOptimized"
94-->src\main\AndroidManifest.xml:50:17-52
95                android:value="true" />
95-->src\main\AndroidManifest.xml:51:17-37
96        </activity>
97
98        <service
98-->[androidx.car.app:app-automotive:1.4.0] AndroidManifest.xml:34:9-47:19
99            android:name="androidx.car.app.CarAppMetadataHolderService"
99-->[androidx.car.app:app-automotive:1.4.0] AndroidManifest.xml:35:13-72
100            android:enabled="false"
100-->[androidx.car.app:app-automotive:1.4.0] AndroidManifest.xml:36:13-36
101            android:exported="false"
101-->[androidx.car.app:app-automotive:1.4.0] AndroidManifest.xml:37:13-37
102            android:process="" >
102-->[androidx.car.app:app-automotive:1.4.0] AndroidManifest.xml:38:13-31
103            <meta-data
103-->[androidx.car.app:app-automotive:1.4.0] AndroidManifest.xml:41:13-43:90
104                android:name="androidx.car.app.CarAppMetadataHolderService.CAR_HARDWARE_MANAGER"
104-->[androidx.car.app:app-automotive:1.4.0] AndroidManifest.xml:42:17-97
105                android:value="androidx.car.app.hardware.AutomotiveCarHardwareManager" />
105-->[androidx.car.app:app-automotive:1.4.0] AndroidManifest.xml:43:17-87
106            <meta-data
106-->[androidx.car.app:app-automotive:1.4.0] AndroidManifest.xml:44:13-46:85
107                android:name="androidx.car.app.CarAppMetadataHolderService.RESULT_MANAGER"
107-->[androidx.car.app:app-automotive:1.4.0] AndroidManifest.xml:45:17-91
108                android:value="androidx.car.app.activity.ResultManagerAutomotive" />
108-->[androidx.car.app:app-automotive:1.4.0] AndroidManifest.xml:46:17-82
109        </service>
110
111        <activity
111-->[androidx.car.app:app:1.4.0] AndroidManifest.xml:31:9-34:75
112            android:name="androidx.car.app.CarAppPermissionActivity"
112-->[androidx.car.app:app:1.4.0] AndroidManifest.xml:32:13-69
113            android:exported="false"
113-->[androidx.car.app:app:1.4.0] AndroidManifest.xml:33:13-37
114            android:theme="@android:style/Theme.Translucent.NoTitleBar" />
114-->[androidx.car.app:app:1.4.0] AndroidManifest.xml:34:13-72
115
116        <receiver
116-->[androidx.car.app:app:1.4.0] AndroidManifest.xml:36:9-38:40
117            android:name="androidx.car.app.notification.CarAppNotificationBroadcastReceiver"
117-->[androidx.car.app:app:1.4.0] AndroidManifest.xml:37:13-93
118            android:exported="false" />
118-->[androidx.car.app:app:1.4.0] AndroidManifest.xml:38:13-37
119
120        <provider
120-->[androidx.emoji2:emoji2:1.2.0] AndroidManifest.xml:24:9-32:20
121            android:name="androidx.startup.InitializationProvider"
121-->[androidx.emoji2:emoji2:1.2.0] AndroidManifest.xml:25:13-67
122            android:authorities="com.sesame.voicechat.androidx-startup"
122-->[androidx.emoji2:emoji2:1.2.0] AndroidManifest.xml:26:13-68
123            android:exported="false" >
123-->[androidx.emoji2:emoji2:1.2.0] AndroidManifest.xml:27:13-37
124            <meta-data
124-->[androidx.emoji2:emoji2:1.2.0] AndroidManifest.xml:29:13-31:52
125                android:name="androidx.emoji2.text.EmojiCompatInitializer"
125-->[androidx.emoji2:emoji2:1.2.0] AndroidManifest.xml:30:17-75
126                android:value="androidx.startup" />
126-->[androidx.emoji2:emoji2:1.2.0] AndroidManifest.xml:31:17-49
127            <meta-data
127-->[androidx.lifecycle:lifecycle-process:2.6.1] AndroidManifest.xml:29:13-31:52
128                android:name="androidx.lifecycle.ProcessLifecycleInitializer"
128-->[androidx.lifecycle:lifecycle-process:2.6.1] AndroidManifest.xml:30:17-78
129                android:value="androidx.startup" />
129-->[androidx.lifecycle:lifecycle-process:2.6.1] AndroidManifest.xml:31:17-49
130            <meta-data
130-->[androidx.profileinstaller:profileinstaller:1.3.0] AndroidManifest.xml:29:13-31:52
131                android:name="androidx.profileinstaller.ProfileInstallerInitializer"
131-->[androidx.profileinstaller:profileinstaller:1.3.0] AndroidManifest.xml:30:17-85
132                android:value="androidx.startup" />
132-->[androidx.profileinstaller:profileinstaller:1.3.0] AndroidManifest.xml:31:17-49
133        </provider>
134
135        <receiver
135-->[androidx.profileinstaller:profileinstaller:1.3.0] AndroidManifest.xml:34:9-52:20
136            android:name="androidx.profileinstaller.ProfileInstallReceiver"
136-->[androidx.profileinstaller:profileinstaller:1.3.0] AndroidManifest.xml:35:13-76
137            android:directBootAware="false"
137-->[androidx.profileinstaller:profileinstaller:1.3.0] AndroidManifest.xml:36:13-44
138            android:enabled="true"
138-->[androidx.profileinstaller:profileinstaller:1.3.0] AndroidManifest.xml:37:13-35
139            android:exported="true"
139-->[androidx.profileinstaller:profileinstaller:1.3.0] AndroidManifest.xml:38:13-36
140            android:permission="android.permission.DUMP" >
140-->[androidx.profileinstaller:profileinstaller:1.3.0] AndroidManifest.xml:39:13-57
141            <intent-filter>
141-->[androidx.profileinstaller:profileinstaller:1.3.0] AndroidManifest.xml:40:13-42:29
142                <action android:name="androidx.profileinstaller.action.INSTALL_PROFILE" />
142-->[androidx.profileinstaller:profileinstaller:1.3.0] AndroidManifest.xml:41:17-91
142-->[androidx.profileinstaller:profileinstaller:1.3.0] AndroidManifest.xml:41:25-88
143            </intent-filter>
144            <intent-filter>
144-->[androidx.profileinstaller:profileinstaller:1.3.0] AndroidManifest.xml:43:13-45:29
145                <action android:name="androidx.profileinstaller.action.SKIP_FILE" />
145-->[androidx.profileinstaller:profileinstaller:1.3.0] AndroidManifest.xml:44:17-85
145-->[androidx.profileinstaller:profileinstaller:1.3.0] AndroidManifest.xml:44:25-82
146            </intent-filter>
147            <intent-filter>
147-->[androidx.profileinstaller:profileinstaller:1.3.0] AndroidManifest.xml:46:13-48:29
148                <action android:name="androidx.profileinstaller.action.SAVE_PROFILE" />
148-->[androidx.profileinstaller:profileinstaller:1.3.0] AndroidManifest.xml:47:17-88
148-->[androidx.profileinstaller:profileinstaller:1.3.0] AndroidManifest.xml:47:25-85
149            </intent-filter>
150            <intent-filter>
150-->[androidx.profileinstaller:profileinstaller:1.3.0] AndroidManifest.xml:49:13-51:29
151                <action android:name="androidx.profileinstaller.action.BENCHMARK_OPERATION" />
151-->[androidx.profileinstaller:profileinstaller:1.3.0] AndroidManifest.xml:50:17-95
151-->[androidx.profileinstaller:profileinstaller:1.3.0] AndroidManifest.xml:50:25-92
152            </intent-filter>
153        </receiver>
154    </application>
155
156</manifest>